2014-02-24 16:27:25 [INFO] Starting minecraft server version 1.6.4
2014-02-24 16:27:25 [INFO] Loading properties
2014-02-24 16:27:25 [WARNING] server.properties does not exist
2014-02-24 16:27:25 [INFO] Generating new properties file
2014-02-24 16:27:25 [INFO] Default game type: SURVIVAL
2014-02-24 16:27:25 [INFO] This server is running CraftBukkit version git-Spigot-1136 (MC: 1.6.4) (Implementing API version 1.6.4-R2.1-SNAPSHOT)
2014-02-24 16:27:25 [WARNING] Failed to load operators list: java.io.FileNotFoundException: ./ops.txt (Нет такого файла или каталога)
2014-02-24 16:27:25 [WARNING] Failed to load white-list: java.io.FileNotFoundException: ./white-list.txt (Нет такого файла или каталога)
2014-02-24 16:27:25 [INFO] Generating keypair
2014-02-24 16:27:25 [INFO] Starting Minecraft server on *:25565
2014-02-24 16:27:26 [INFO] [mcore] Loading mcore v6.9.1
2014-02-24 16:27:26 [INFO] [Factions] Loading Factions v2.2.2
2014-02-24 16:27:26 [INFO] [mcore] Enabling mcore v6.9.1
2014-02-24 16:27:26 [INFO] [0;36;22m[[0;36;1mmcore 6.9.1[0;36;22m] [0;33;1m=== ENABLE START ===[m
2014-02-24 16:27:26 [INFO] [0;36;22m[[0;36;1mmcore 6.9.1[0;36;22m] [0;33;1m[0;33;1mSetup of SenderIdMixinDefault took [0;35;1m9[0;33;1mms.[m
2014-02-24 16:27:26 [INFO] [0;36;22m[[0;36;1mmcore 6.9.1[0;36;22m] [0;33;1m=== ENABLE [0;32;1mCOMPLETE [0;33;1m(Took [0;35;1m79ms[0;33;1m) ===[m
2014-02-24 16:27:26 [INFO] Preparing level "world"
2014-02-24 16:27:26 [INFO] -------- World Settings For [world] --------
2014-02-24 16:27:26 [INFO] Anti X-Ray: true
2014-02-24 16:27:26 [INFO] 	Engine Mode: 1
2014-02-24 16:27:26 [INFO] 	Blocks: [1, 5, 14, 15, 16, 21, 48, 49, 54, 56, 73, 74, 82, 129, 130]
2014-02-24 16:27:26 [INFO] Mob Spawn Range: 4
2014-02-24 16:27:26 [INFO] Cactus Growth Modifier: 100%
2014-02-24 16:27:26 [INFO] Cane Growth Modifier: 100%
2014-02-24 16:27:26 [INFO] Melon Growth Modifier: 100%
2014-02-24 16:27:26 [INFO] Mushroom Growth Modifier: 100%
2014-02-24 16:27:26 [INFO] Pumpkin Growth Modifier: 100%
2014-02-24 16:27:26 [INFO] Sapling Growth Modifier: 100%
2014-02-24 16:27:26 [INFO] Wheat Growth Modifier: 100%
2014-02-24 16:27:26 [INFO] Entity Activation Range: An 32 / Mo 32 / Mi 16
2014-02-24 16:27:26 [INFO] Entity Tracking Range: Pl 48 / An 48 / Mo 48 / Mi 32 / Other 64
2014-02-24 16:27:26 [INFO] Hopper Transfer: 8 Hopper Check: 8
2014-02-24 16:27:26 [INFO] Random Lighting Updates: false
2014-02-24 16:27:26 [INFO] Structure Info Saving: true
2014-02-24 16:27:26 [INFO] View Distance: 10
2014-02-24 16:27:26 [INFO] Chunks to Grow per Tick: 650
2014-02-24 16:27:26 [INFO] Experience Merge Radius: 3.0
2014-02-24 16:27:26 [INFO] Item Despawn Rate: 6000
2014-02-24 16:27:26 [INFO] Item Merge Radius: 2.5
2014-02-24 16:27:26 [INFO] Arrow Despawn Rate: 1200
2014-02-24 16:27:26 [INFO] -------- World Settings For [world_nether] --------
2014-02-24 16:27:26 [INFO] Anti X-Ray: true
2014-02-24 16:27:26 [INFO] 	Engine Mode: 1
2014-02-24 16:27:26 [INFO] 	Blocks: [1, 5, 14, 15, 16, 21, 48, 49, 54, 56, 73, 74, 82, 129, 130]
2014-02-24 16:27:26 [INFO] Mob Spawn Range: 4
2014-02-24 16:27:26 [INFO] Cactus Growth Modifier: 100%
2014-02-24 16:27:26 [INFO] Cane Growth Modifier: 100%
2014-02-24 16:27:26 [INFO] Melon Growth Modifier: 100%
2014-02-24 16:27:26 [INFO] Mushroom Growth Modifier: 100%
2014-02-24 16:27:26 [INFO] Pumpkin Growth Modifier: 100%
2014-02-24 16:27:26 [INFO] Sapling Growth Modifier: 100%
2014-02-24 16:27:26 [INFO] Wheat Growth Modifier: 100%
2014-02-24 16:27:26 [INFO] Entity Activation Range: An 32 / Mo 32 / Mi 16
2014-02-24 16:27:26 [INFO] Entity Tracking Range: Pl 48 / An 48 / Mo 48 / Mi 32 / Other 64
2014-02-24 16:27:26 [INFO] Hopper Transfer: 8 Hopper Check: 8
2014-02-24 16:27:26 [INFO] Random Lighting Updates: false
2014-02-24 16:27:26 [INFO] Structure Info Saving: true
2014-02-24 16:27:26 [INFO] View Distance: 10
2014-02-24 16:27:26 [INFO] Chunks to Grow per Tick: 650
2014-02-24 16:27:26 [INFO] Experience Merge Radius: 3.0
2014-02-24 16:27:26 [INFO] Item Despawn Rate: 6000
2014-02-24 16:27:26 [INFO] Item Merge Radius: 2.5
2014-02-24 16:27:26 [INFO] Arrow Despawn Rate: 1200
2014-02-24 16:27:26 [INFO] -------- World Settings For [world_the_end] --------
2014-02-24 16:27:26 [INFO] Anti X-Ray: true
2014-02-24 16:27:26 [INFO] 	Engine Mode: 1
2014-02-24 16:27:26 [INFO] 	Blocks: [1, 5, 14, 15, 16, 21, 48, 49, 54, 56, 73, 74, 82, 129, 130]
2014-02-24 16:27:26 [INFO] Mob Spawn Range: 4
2014-02-24 16:27:26 [INFO] Cactus Growth Modifier: 100%
2014-02-24 16:27:26 [INFO] Cane Growth Modifier: 100%
2014-02-24 16:27:26 [INFO] Melon Growth Modifier: 100%
2014-02-24 16:27:26 [INFO] Mushroom Growth Modifier: 100%
2014-02-24 16:27:26 [INFO] Pumpkin Growth Modifier: 100%
2014-02-24 16:27:26 [INFO] Sapling Growth Modifier: 100%
2014-02-24 16:27:26 [INFO] Wheat Growth Modifier: 100%
2014-02-24 16:27:26 [INFO] Entity Activation Range: An 32 / Mo 32 / Mi 16
2014-02-24 16:27:26 [INFO] Entity Tracking Range: Pl 48 / An 48 / Mo 48 / Mi 32 / Other 64
2014-02-24 16:27:26 [INFO] Hopper Transfer: 8 Hopper Check: 8
2014-02-24 16:27:26 [INFO] Random Lighting Updates: false
2014-02-24 16:27:26 [INFO] Structure Info Saving: true
2014-02-24 16:27:26 [INFO] View Distance: 10
2014-02-24 16:27:26 [INFO] Chunks to Grow per Tick: 650
2014-02-24 16:27:26 [INFO] Experience Merge Radius: 3.0
2014-02-24 16:27:26 [INFO] Item Despawn Rate: 6000
2014-02-24 16:27:26 [INFO] Item Merge Radius: 2.5
2014-02-24 16:27:26 [INFO] Arrow Despawn Rate: 1200
2014-02-24 16:27:26 [INFO] Preparing start region for level 0 (Seed: 1366241079104285837)
2014-02-24 16:27:27 [INFO] Preparing spawn area: 12%
2014-02-24 16:27:28 [INFO] Preparing spawn area: 37%
2014-02-24 16:27:29 [INFO] Preparing spawn area: 61%
2014-02-24 16:27:30 [INFO] Preparing spawn area: 85%
2014-02-24 16:27:31 [INFO] Preparing start region for level 1 (Seed: 1366241079104285837)
2014-02-24 16:27:32 [INFO] Preparing spawn area: 27%
2014-02-24 16:27:33 [INFO] Preparing spawn area: 58%
2014-02-24 16:27:34 [INFO] Preparing spawn area: 84%
2014-02-24 16:27:34 [INFO] Preparing start region for level 2 (Seed: 1366241079104285837)
2014-02-24 16:27:35 [INFO] Preparing spawn area: 70%
2014-02-24 16:27:36 [INFO] [Factions] Enabling Factions v2.2.2
2014-02-24 16:27:36 [INFO] [0;36;22m[[0;36;1mFactions 2.2.2[0;36;22m] [0;33;1m=== ENABLE START ===[m
2014-02-24 16:27:36 [INFO] [0;36;22m[[0;36;1mFactions 2.2.2[0;36;22m] [0;33;1m=== ENABLE [0;32;1mCOMPLETE [0;33;1m(Took [0;35;1m74ms[0;33;1m) ===[m
2014-02-24 16:27:36 [INFO] Done (10,060s)! For help, type "help" or "?"
2014-02-24 16:27:49 [INFO] CONSOLE: Stopping the server..[m
2014-02-24 16:27:49 [INFO] Stopping server
2014-02-24 16:27:49 [INFO] [Factions] Disabling Factions v2.2.2
2014-02-24 16:27:49 [INFO] [0;36;22m[[0;36;1mFactions 2.2.2[0;36;22m] [0;33;1mDisabled[m
2014-02-24 16:27:49 [INFO] [mcore] Disabling mcore v6.9.1
2014-02-24 16:27:49 [INFO] [0;36;22m[[0;36;1mmcore 6.9.1[0;36;22m] [0;33;1mDisabled[m
2014-02-24 16:27:49 [INFO] Saving players
2014-02-24 16:27:49 [INFO] Saving worlds
2014-02-24 16:27:49 [INFO] Saving chunks for level 'world'/Overworld
2014-02-24 16:27:50 [INFO] Saving chunks for level 'world_nether'/Nether
2014-02-24 16:27:51 [INFO] Saving chunks for level 'world_the_end'/The End
2014-02-24 16:34:54 [INFO] Starting minecraft server version 1.6.4
2014-02-24 16:34:54 [INFO] Loading properties
2014-02-24 16:34:54 [INFO] Default game type: SURVIVAL
2014-02-24 16:34:54 [INFO] This server is running CraftBukkit version git-Spigot-1136 (MC: 1.6.4) (Implementing API version 1.6.4-R2.1-SNAPSHOT)
2014-02-24 16:34:54 [INFO] Generating keypair
2014-02-24 16:34:54 [INFO] Starting Minecraft server on *:25565
2014-02-24 16:34:55 [INFO] [mcore] Loading mcore v6.9.1
2014-02-24 16:34:55 [INFO] [Factions] Loading Factions v2.2.2
2014-02-24 16:34:55 [INFO] [mcore] Enabling mcore v6.9.1
2014-02-24 16:34:55 [INFO] [0;36;22m[[0;36;1mmcore 6.9.1[0;36;22m] [0;33;1m=== ENABLE START ===[m
2014-02-24 16:34:55 [INFO] [0;36;22m[[0;36;1mmcore 6.9.1[0;36;22m] [0;33;1m[0;33;1mSetup of SenderIdMixinDefault took [0;35;1m8[0;33;1mms.[m
2014-02-24 16:34:55 [INFO] [0;36;22m[[0;36;1mmcore 6.9.1[0;36;22m] [0;33;1m=== ENABLE [0;32;1mCOMPLETE [0;33;1m(Took [0;35;1m95ms[0;33;1m) ===[m
2014-02-24 16:34:55 [INFO] Preparing level "world"
2014-02-24 16:34:55 [INFO] -------- World Settings For [world] --------
2014-02-24 16:34:55 [INFO] Anti X-Ray: true
2014-02-24 16:34:55 [INFO] 	Engine Mode: 1
2014-02-24 16:34:55 [INFO] 	Blocks: [1, 5, 14, 15, 16, 21, 48, 49, 54, 56, 73, 74, 82, 129, 130]
2014-02-24 16:34:55 [INFO] Mob Spawn Range: 4
2014-02-24 16:34:55 [INFO] Cactus Growth Modifier: 100%
2014-02-24 16:34:55 [INFO] Cane Growth Modifier: 100%
2014-02-24 16:34:55 [INFO] Melon Growth Modifier: 100%
2014-02-24 16:34:55 [INFO] Mushroom Growth Modifier: 100%
2014-02-24 16:34:55 [INFO] Pumpkin Growth Modifier: 100%
2014-02-24 16:34:55 [INFO] Sapling Growth Modifier: 100%
2014-02-24 16:34:55 [INFO] Wheat Growth Modifier: 100%
2014-02-24 16:34:55 [INFO] Entity Activation Range: An 32 / Mo 32 / Mi 16
2014-02-24 16:34:55 [INFO] Entity Tracking Range: Pl 48 / An 48 / Mo 48 / Mi 32 / Other 64
2014-02-24 16:34:55 [INFO] Hopper Transfer: 8 Hopper Check: 8
2014-02-24 16:34:55 [INFO] Random Lighting Updates: false
2014-02-24 16:34:55 [INFO] Structure Info Saving: true
2014-02-24 16:34:55 [INFO] View Distance: 10
2014-02-24 16:34:55 [INFO] Chunks to Grow per Tick: 650
2014-02-24 16:34:55 [INFO] Experience Merge Radius: 3.0
2014-02-24 16:34:55 [INFO] Item Despawn Rate: 6000
2014-02-24 16:34:55 [INFO] Item Merge Radius: 2.5
2014-02-24 16:34:55 [INFO] Arrow Despawn Rate: 1200
2014-02-24 16:34:55 [INFO] -------- World Settings For [world_nether] --------
2014-02-24 16:34:55 [INFO] Anti X-Ray: true
2014-02-24 16:34:55 [INFO] 	Engine Mode: 1
2014-02-24 16:34:55 [INFO] 	Blocks: [1, 5, 14, 15, 16, 21, 48, 49, 54, 56, 73, 74, 82, 129, 130]
2014-02-24 16:34:55 [INFO] Mob Spawn Range: 4
2014-02-24 16:34:55 [INFO] Cactus Growth Modifier: 100%
2014-02-24 16:34:55 [INFO] Cane Growth Modifier: 100%
2014-02-24 16:34:55 [INFO] Melon Growth Modifier: 100%
2014-02-24 16:34:55 [INFO] Mushroom Growth Modifier: 100%
2014-02-24 16:34:55 [INFO] Pumpkin Growth Modifier: 100%
2014-02-24 16:34:55 [INFO] Sapling Growth Modifier: 100%
2014-02-24 16:34:55 [INFO] Wheat Growth Modifier: 100%
2014-02-24 16:34:55 [INFO] Entity Activation Range: An 32 / Mo 32 / Mi 16
2014-02-24 16:34:55 [INFO] Entity Tracking Range: Pl 48 / An 48 / Mo 48 / Mi 32 / Other 64
2014-02-24 16:34:55 [INFO] Hopper Transfer: 8 Hopper Check: 8
2014-02-24 16:34:55 [INFO] Random Lighting Updates: false
2014-02-24 16:34:55 [INFO] Structure Info Saving: true
2014-02-24 16:34:55 [INFO] View Distance: 10
2014-02-24 16:34:55 [INFO] Chunks to Grow per Tick: 650
2014-02-24 16:34:55 [INFO] Experience Merge Radius: 3.0
2014-02-24 16:34:55 [INFO] Item Despawn Rate: 6000
2014-02-24 16:34:55 [INFO] Item Merge Radius: 2.5
2014-02-24 16:34:55 [INFO] Arrow Despawn Rate: 1200
2014-02-24 16:34:55 [INFO] -------- World Settings For [world_the_end] --------
2014-02-24 16:34:55 [INFO] Anti X-Ray: true
2014-02-24 16:34:55 [INFO] 	Engine Mode: 1
2014-02-24 16:34:55 [INFO] 	Blocks: [1, 5, 14, 15, 16, 21, 48, 49, 54, 56, 73, 74, 82, 129, 130]
2014-02-24 16:34:55 [INFO] Mob Spawn Range: 4
2014-02-24 16:34:55 [INFO] Cactus Growth Modifier: 100%
2014-02-24 16:34:55 [INFO] Cane Growth Modifier: 100%
2014-02-24 16:34:55 [INFO] Melon Growth Modifier: 100%
2014-02-24 16:34:55 [INFO] Mushroom Growth Modifier: 100%
2014-02-24 16:34:55 [INFO] Pumpkin Growth Modifier: 100%
2014-02-24 16:34:55 [INFO] Sapling Growth Modifier: 100%
2014-02-24 16:34:55 [INFO] Wheat Growth Modifier: 100%
2014-02-24 16:34:55 [INFO] Entity Activation Range: An 32 / Mo 32 / Mi 16
2014-02-24 16:34:55 [INFO] Entity Tracking Range: Pl 48 / An 48 / Mo 48 / Mi 32 / Other 64
2014-02-24 16:34:55 [INFO] Hopper Transfer: 8 Hopper Check: 8
2014-02-24 16:34:55 [INFO] Random Lighting Updates: false
2014-02-24 16:34:55 [INFO] Structure Info Saving: true
2014-02-24 16:34:55 [INFO] View Distance: 10
2014-02-24 16:34:55 [INFO] Chunks to Grow per Tick: 650
2014-02-24 16:34:55 [INFO] Experience Merge Radius: 3.0
2014-02-24 16:34:55 [INFO] Item Despawn Rate: 6000
2014-02-24 16:34:55 [INFO] Item Merge Radius: 2.5
2014-02-24 16:34:55 [INFO] Arrow Despawn Rate: 1200
2014-02-24 16:34:55 [INFO] Preparing start region for level 0 (Seed: 1366241079104285837)
2014-02-24 16:34:56 [INFO] Preparing start region for level 1 (Seed: 1366241079104285837)
2014-02-24 16:34:56 [INFO] Preparing start region for level 2 (Seed: 1366241079104285837)
2014-02-24 16:34:56 [INFO] [Factions] Enabling Factions v2.2.2
2014-02-24 16:34:56 [INFO] [0;36;22m[[0;36;1mFactions 2.2.2[0;36;22m] [0;33;1m=== ENABLE START ===[m
2014-02-24 16:34:56 [INFO] [0;36;22m[[0;36;1mFactions 2.2.2[0;36;22m] [0;33;1m=== ENABLE [0;32;1mCOMPLETE [0;33;1m(Took [0;35;1m133ms[0;33;1m) ===[m
2014-02-24 16:34:56 [INFO] Server permissions file permissions.yml is empty, ignoring it
2014-02-24 16:34:56 [INFO] Done (1,656s)! For help, type "help" or "?"
2014-02-24 16:35:04 [INFO] InterWall[/127.0.0.1:52414] logged in with entity id 180 at ([world] 125.5, 67.0, 281.5)
2014-02-24 16:35:08 [INFO] <InterWall> qq[m
2014-02-24 16:35:10 [INFO] [0;36;22m[[0;36;1mFactions 2.2.2[0;36;22m] [0;33;1m[0;32;1mpostAttach added [0;35;1minterwall [0;33;1maka [0;35;1m[0;37;1mInterWall [0;33;1mto [0;35;1m49c8158b-1294-4a23-af4b-8ca27254e048 [0;33;1maka [0;35;1m[0;32;22mWilderness[0;33;1m.[m
2014-02-24 16:36:18 [INFO] -------- World Settings For [world] --------
2014-02-24 16:36:18 [INFO] Anti X-Ray: true
2014-02-24 16:36:18 [INFO] 	Engine Mode: 1
2014-02-24 16:36:18 [INFO] 	Blocks: [1, 5, 14, 15, 16, 21, 48, 49, 54, 56, 73, 74, 82, 129, 130]
2014-02-24 16:36:18 [INFO] Mob Spawn Range: 4
2014-02-24 16:36:18 [INFO] Cactus Growth Modifier: 100%
2014-02-24 16:36:18 [INFO] Cane Growth Modifier: 100%
2014-02-24 16:36:18 [INFO] Melon Growth Modifier: 100%
2014-02-24 16:36:18 [INFO] Mushroom Growth Modifier: 100%
2014-02-24 16:36:18 [INFO] Pumpkin Growth Modifier: 100%
2014-02-24 16:36:18 [INFO] Sapling Growth Modifier: 100%
2014-02-24 16:36:18 [INFO] Wheat Growth Modifier: 100%
2014-02-24 16:36:18 [INFO] Entity Activation Range: An 32 / Mo 32 / Mi 16
2014-02-24 16:36:18 [INFO] Entity Tracking Range: Pl 48 / An 48 / Mo 48 / Mi 32 / Other 64
2014-02-24 16:36:18 [INFO] Hopper Transfer: 8 Hopper Check: 8
2014-02-24 16:36:18 [INFO] Random Lighting Updates: false
2014-02-24 16:36:18 [INFO] Structure Info Saving: true
2014-02-24 16:36:18 [INFO] View Distance: 10
2014-02-24 16:36:18 [INFO] Chunks to Grow per Tick: 650
2014-02-24 16:36:18 [INFO] Experience Merge Radius: 3.0
2014-02-24 16:36:18 [INFO] Item Despawn Rate: 6000
2014-02-24 16:36:18 [INFO] Item Merge Radius: 2.5
2014-02-24 16:36:18 [INFO] Arrow Despawn Rate: 1200
2014-02-24 16:36:18 [INFO] -------- World Settings For [world_nether] --------
2014-02-24 16:36:18 [INFO] Anti X-Ray: true
2014-02-24 16:36:18 [INFO] 	Engine Mode: 1
2014-02-24 16:36:18 [INFO] 	Blocks: [1, 5, 14, 15, 16, 21, 48, 49, 54, 56, 73, 74, 82, 129, 130]
2014-02-24 16:36:18 [INFO] Mob Spawn Range: 4
2014-02-24 16:36:18 [INFO] Cactus Growth Modifier: 100%
2014-02-24 16:36:18 [INFO] Cane Growth Modifier: 100%
2014-02-24 16:36:18 [INFO] Melon Growth Modifier: 100%
2014-02-24 16:36:18 [INFO] Mushroom Growth Modifier: 100%
2014-02-24 16:36:18 [INFO] Pumpkin Growth Modifier: 100%
2014-02-24 16:36:18 [INFO] Sapling Growth Modifier: 100%
2014-02-24 16:36:18 [INFO] Wheat Growth Modifier: 100%
2014-02-24 16:36:18 [INFO] Entity Activation Range: An 32 / Mo 32 / Mi 16
2014-02-24 16:36:18 [INFO] Entity Tracking Range: Pl 48 / An 48 / Mo 48 / Mi 32 / Other 64
2014-02-24 16:36:18 [INFO] Hopper Transfer: 8 Hopper Check: 8
2014-02-24 16:36:18 [INFO] Random Lighting Updates: false
2014-02-24 16:36:18 [INFO] Structure Info Saving: true
2014-02-24 16:36:18 [INFO] View Distance: 10
2014-02-24 16:36:18 [INFO] Chunks to Grow per Tick: 650
2014-02-24 16:36:18 [INFO] Experience Merge Radius: 3.0
2014-02-24 16:36:18 [INFO] Item Despawn Rate: 6000
2014-02-24 16:36:18 [INFO] Item Merge Radius: 2.5
2014-02-24 16:36:18 [INFO] Arrow Despawn Rate: 1200
2014-02-24 16:36:18 [INFO] -------- World Settings For [world_the_end] --------
2014-02-24 16:36:18 [INFO] Anti X-Ray: true
2014-02-24 16:36:18 [INFO] 	Engine Mode: 1
2014-02-24 16:36:18 [INFO] 	Blocks: [1, 5, 14, 15, 16, 21, 48, 49, 54, 56, 73, 74, 82, 129, 130]
2014-02-24 16:36:18 [INFO] Mob Spawn Range: 4
2014-02-24 16:36:18 [INFO] Cactus Growth Modifier: 100%
2014-02-24 16:36:18 [INFO] Cane Growth Modifier: 100%
2014-02-24 16:36:18 [INFO] Melon Growth Modifier: 100%
2014-02-24 16:36:18 [INFO] Mushroom Growth Modifier: 100%
2014-02-24 16:36:18 [INFO] Pumpkin Growth Modifier: 100%
2014-02-24 16:36:18 [INFO] Sapling Growth Modifier: 100%
2014-02-24 16:36:18 [INFO] Wheat Growth Modifier: 100%
2014-02-24 16:36:18 [INFO] Entity Activation Range: An 32 / Mo 32 / Mi 16
2014-02-24 16:36:18 [INFO] Entity Tracking Range: Pl 48 / An 48 / Mo 48 / Mi 32 / Other 64
2014-02-24 16:36:18 [INFO] Hopper Transfer: 8 Hopper Check: 8
2014-02-24 16:36:18 [INFO] Random Lighting Updates: false
2014-02-24 16:36:18 [INFO] Structure Info Saving: true
2014-02-24 16:36:18 [INFO] View Distance: 10
2014-02-24 16:36:18 [INFO] Chunks to Grow per Tick: 650
2014-02-24 16:36:18 [INFO] Experience Merge Radius: 3.0
2014-02-24 16:36:18 [INFO] Item Despawn Rate: 6000
2014-02-24 16:36:18 [INFO] Item Merge Radius: 2.5
2014-02-24 16:36:18 [INFO] Arrow Despawn Rate: 1200
2014-02-24 16:36:18 [INFO] [Factions] Disabling Factions v2.2.2
2014-02-24 16:36:18 [INFO] [0;36;22m[[0;36;1mFactions 2.2.2[0;36;22m] [0;33;1mDisabled[m
2014-02-24 16:36:18 [INFO] [mcore] Disabling mcore v6.9.1
2014-02-24 16:36:18 [INFO] [0;36;22m[[0;36;1mmcore 6.9.1[0;36;22m] [0;33;1mDisabled[m
2014-02-24 16:36:18 [SEVERE] Could not load 'plugins/HeroChat.jar' in folder 'plugins'
org.bukkit.plugin.UnknownDependencyException: Vault
	at org.bukkit.plugin.SimplePluginManager.loadPlugins(SimplePluginManager.java:195)
	at org.bukkit.craftbukkit.v1_6_R3.CraftServer.loadPlugins(CraftServer.java:245)
	at org.bukkit.craftbukkit.v1_6_R3.CraftServer.reload(CraftServer.java:616)
	at org.bukkit.Bukkit.reload(Bukkit.java:277)
	at org.bukkit.command.defaults.ReloadCommand.execute(ReloadCommand.java:24)
	at org.bukkit.command.SimpleCommandMap.dispatch(SimpleCommandMap.java:192)
	at org.bukkit.craftbukkit.v1_6_R3.CraftServer.dispatchCommand(CraftServer.java:532)
	at org.bukkit.craftbukkit.v1_6_R3.CraftServer.dispatchServerCommand(CraftServer.java:519)
	at net.minecraft.server.v1_6_R3.DedicatedServer.as(DedicatedServer.java:276)
	at net.minecraft.server.v1_6_R3.DedicatedServer.t(DedicatedServer.java:241)
	at net.minecraft.server.v1_6_R3.MinecraftServer.s(MinecraftServer.java:483)
	at net.minecraft.server.v1_6_R3.MinecraftServer.run(MinecraftServer.java:415)
	at net.minecraft.server.v1_6_R3.ThreadServerApplication.run(SourceFile:583)
2014-02-24 16:36:18 [INFO] [mcore] Loading mcore v6.9.1
2014-02-24 16:36:18 [INFO] [Factions] Loading Factions v2.2.2
2014-02-24 16:36:18 [INFO] [mcore] Enabling mcore v6.9.1
2014-02-24 16:36:18 [INFO] [0;36;22m[[0;36;1mmcore 6.9.1[0;36;22m] [0;33;1m=== ENABLE START ===[m
2014-02-24 16:36:18 [INFO] [0;36;22m[[0;36;1mmcore 6.9.1[0;36;22m] [0;33;1m[0;33;1mSetup of SenderIdMixinDefault took [0;35;1m4[0;33;1mms.[m
2014-02-24 16:36:18 [INFO] [0;36;22m[[0;36;1mmcore 6.9.1[0;36;22m] [0;33;1m=== ENABLE [0;32;1mCOMPLETE [0;33;1m(Took [0;35;1m68ms[0;33;1m) ===[m
2014-02-24 16:36:18 [INFO] [Factions] Enabling Factions v2.2.2
2014-02-24 16:36:18 [INFO] [0;36;22m[[0;36;1mFactions 2.2.2[0;36;22m] [0;33;1m=== ENABLE START ===[m
2014-02-24 16:36:18 [INFO] [0;36;22m[[0;36;1mFactions 2.2.2[0;36;22m] [0;33;1m=== ENABLE [0;32;1mCOMPLETE [0;33;1m(Took [0;35;1m81ms[0;33;1m) ===[m
2014-02-24 16:36:18 [INFO] Server permissions file permissions.yml is empty, ignoring it
2014-02-24 16:36:18 [INFO] CONSOLE: [0;32;1mReload complete.[m
2014-02-24 16:36:38 [INFO] -------- World Settings For [world] --------
2014-02-24 16:36:38 [INFO] Anti X-Ray: true
2014-02-24 16:36:38 [INFO] 	Engine Mode: 1
2014-02-24 16:36:38 [INFO] 	Blocks: [1, 5, 14, 15, 16, 21, 48, 49, 54, 56, 73, 74, 82, 129, 130]
2014-02-24 16:36:38 [INFO] Mob Spawn Range: 4
2014-02-24 16:36:38 [INFO] Cactus Growth Modifier: 100%
2014-02-24 16:36:38 [INFO] Cane Growth Modifier: 100%
2014-02-24 16:36:38 [INFO] Melon Growth Modifier: 100%
2014-02-24 16:36:38 [INFO] Mushroom Growth Modifier: 100%
2014-02-24 16:36:38 [INFO] Pumpkin Growth Modifier: 100%
2014-02-24 16:36:38 [INFO] Sapling Growth Modifier: 100%
2014-02-24 16:36:38 [INFO] Wheat Growth Modifier: 100%
2014-02-24 16:36:38 [INFO] Entity Activation Range: An 32 / Mo 32 / Mi 16
2014-02-24 16:36:38 [INFO] Entity Tracking Range: Pl 48 / An 48 / Mo 48 / Mi 32 / Other 64
2014-02-24 16:36:38 [INFO] Hopper Transfer: 8 Hopper Check: 8
2014-02-24 16:36:38 [INFO] Random Lighting Updates: false
2014-02-24 16:36:38 [INFO] Structure Info Saving: true
2014-02-24 16:36:38 [INFO] View Distance: 10
2014-02-24 16:36:38 [INFO] Chunks to Grow per Tick: 650
2014-02-24 16:36:38 [INFO] Experience Merge Radius: 3.0
2014-02-24 16:36:38 [INFO] Item Despawn Rate: 6000
2014-02-24 16:36:38 [INFO] Item Merge Radius: 2.5
2014-02-24 16:36:38 [INFO] Arrow Despawn Rate: 1200
2014-02-24 16:36:38 [INFO] -------- World Settings For [world_nether] --------
2014-02-24 16:36:38 [INFO] Anti X-Ray: true
2014-02-24 16:36:38 [INFO] 	Engine Mode: 1
2014-02-24 16:36:38 [INFO] 	Blocks: [1, 5, 14, 15, 16, 21, 48, 49, 54, 56, 73, 74, 82, 129, 130]
2014-02-24 16:36:38 [INFO] Mob Spawn Range: 4
2014-02-24 16:36:38 [INFO] Cactus Growth Modifier: 100%
2014-02-24 16:36:38 [INFO] Cane Growth Modifier: 100%
2014-02-24 16:36:38 [INFO] Melon Growth Modifier: 100%
2014-02-24 16:36:38 [INFO] Mushroom Growth Modifier: 100%
2014-02-24 16:36:38 [INFO] Pumpkin Growth Modifier: 100%
2014-02-24 16:36:38 [INFO] Sapling Growth Modifier: 100%
2014-02-24 16:36:38 [INFO] Wheat Growth Modifier: 100%
2014-02-24 16:36:38 [INFO] Entity Activation Range: An 32 / Mo 32 / Mi 16
2014-02-24 16:36:38 [INFO] Entity Tracking Range: Pl 48 / An 48 / Mo 48 / Mi 32 / Other 64
2014-02-24 16:36:38 [INFO] Hopper Transfer: 8 Hopper Check: 8
2014-02-24 16:36:38 [INFO] Random Lighting Updates: false
2014-02-24 16:36:38 [INFO] Structure Info Saving: true
2014-02-24 16:36:38 [INFO] View Distance: 10
2014-02-24 16:36:38 [INFO] Chunks to Grow per Tick: 650
2014-02-24 16:36:38 [INFO] Experience Merge Radius: 3.0
2014-02-24 16:36:38 [INFO] Item Despawn Rate: 6000
2014-02-24 16:36:38 [INFO] Item Merge Radius: 2.5
2014-02-24 16:36:38 [INFO] Arrow Despawn Rate: 1200
2014-02-24 16:36:38 [INFO] -------- World Settings For [world_the_end] --------
2014-02-24 16:36:38 [INFO] Anti X-Ray: true
2014-02-24 16:36:38 [INFO] 	Engine Mode: 1
2014-02-24 16:36:38 [INFO] 	Blocks: [1, 5, 14, 15, 16, 21, 48, 49, 54, 56, 73, 74, 82, 129, 130]
2014-02-24 16:36:38 [INFO] Mob Spawn Range: 4
2014-02-24 16:36:38 [INFO] Cactus Growth Modifier: 100%
2014-02-24 16:36:38 [INFO] Cane Growth Modifier: 100%
2014-02-24 16:36:38 [INFO] Melon Growth Modifier: 100%
2014-02-24 16:36:38 [INFO] Mushroom Growth Modifier: 100%
2014-02-24 16:36:38 [INFO] Pumpkin Growth Modifier: 100%
2014-02-24 16:36:38 [INFO] Sapling Growth Modifier: 100%
2014-02-24 16:36:38 [INFO] Wheat Growth Modifier: 100%
2014-02-24 16:36:38 [INFO] Entity Activation Range: An 32 / Mo 32 / Mi 16
2014-02-24 16:36:38 [INFO] Entity Tracking Range: Pl 48 / An 48 / Mo 48 / Mi 32 / Other 64
2014-02-24 16:36:38 [INFO] Hopper Transfer: 8 Hopper Check: 8
2014-02-24 16:36:38 [INFO] Random Lighting Updates: false
2014-02-24 16:36:38 [INFO] Structure Info Saving: true
2014-02-24 16:36:38 [INFO] View Distance: 10
2014-02-24 16:36:38 [INFO] Chunks to Grow per Tick: 650
2014-02-24 16:36:38 [INFO] Experience Merge Radius: 3.0
2014-02-24 16:36:38 [INFO] Item Despawn Rate: 6000
2014-02-24 16:36:38 [INFO] Item Merge Radius: 2.5
2014-02-24 16:36:38 [INFO] Arrow Despawn Rate: 1200
2014-02-24 16:36:38 [INFO] [Factions] Disabling Factions v2.2.2
2014-02-24 16:36:38 [INFO] [0;36;22m[[0;36;1mFactions 2.2.2[0;36;22m] [0;33;1mDisabled[m
2014-02-24 16:36:38 [INFO] [mcore] Disabling mcore v6.9.1
2014-02-24 16:36:38 [INFO] [0;36;22m[[0;36;1mmcore 6.9.1[0;36;22m] [0;33;1mDisabled[m
2014-02-24 16:36:38 [INFO] [mcore] Loading mcore v6.9.1
2014-02-24 16:36:38 [INFO] [Vault] Loading Vault v1.2.31-b411
2014-02-24 16:36:38 [INFO] [Herochat] Loading Herochat v5.6.7-SNAPSHOT
2014-02-24 16:36:38 [INFO] [Factions] Loading Factions v2.2.2
2014-02-24 16:36:38 [INFO] [mcore] Enabling mcore v6.9.1
2014-02-24 16:36:38 [INFO] [0;36;22m[[0;36;1mmcore 6.9.1[0;36;22m] [0;33;1m=== ENABLE START ===[m
2014-02-24 16:36:38 [INFO] [0;36;22m[[0;36;1mmcore 6.9.1[0;36;22m] [0;33;1m[0;33;1mSetup of SenderIdMixinDefault took [0;35;1m4[0;33;1mms.[m
2014-02-24 16:36:38 [INFO] [0;36;22m[[0;36;1mmcore 6.9.1[0;36;22m] [0;33;1m=== ENABLE [0;32;1mCOMPLETE [0;33;1m(Took [0;35;1m62ms[0;33;1m) ===[m
2014-02-24 16:36:38 [INFO] [Vault] Enabling Vault v1.2.31-b411
2014-02-24 16:36:38 [INFO] [Vault] [Vault][Permission] SuperPermissions loaded as backup permission system.
2014-02-24 16:36:38 [INFO] [Vault] [Vault] Enabled Version 1.2.31-b411
2014-02-24 16:36:38 [INFO] [0;36;22m[[0;36;1mmcore 6.9.1[0;36;22m] [0;33;1m[0;32;1mActivated [0;33;1mintegration with [0;35;1mVault[m
2014-02-24 16:36:38 [INFO] [Herochat] Enabling Herochat v5.6.7-SNAPSHOT
2014-02-24 16:36:38 [INFO] [Herochat] Saving channels
2014-02-24 16:36:38 [INFO] [Herochat] Save complete
2014-02-24 16:36:38 [INFO] [Herochat] Version 5.6.7-SNAPSHOT is enabled.
2014-02-24 16:36:38 [INFO] [Factions] Enabling Factions v2.2.2
2014-02-24 16:36:38 [INFO] [0;36;22m[[0;36;1mFactions 2.2.2[0;36;22m] [0;33;1m=== ENABLE START ===[m
2014-02-24 16:36:39 [INFO] [0;36;22m[[0;36;1mFactions 2.2.2[0;36;22m] [0;33;1m[0;32;1mActivated [0;33;1mintegration with [0;35;1mHerochat[m
2014-02-24 16:36:39 [INFO] [0;36;22m[[0;36;1mFactions 2.2.2[0;36;22m] [0;33;1m=== ENABLE [0;32;1mCOMPLETE [0;33;1m(Took [0;35;1m118ms[0;33;1m) ===[m
2014-02-24 16:36:39 [INFO] Server permissions file permissions.yml is empty, ignoring it
2014-02-24 16:36:39 [INFO] CONSOLE: [0;32;1mReload complete.[m
2014-02-24 16:36:40 [INFO] [Vault] Checking for Updates:
2014-02-24 16:36:40 [INFO] [Vault] No new version available
2014-02-24 16:36:42 [INFO] [0;36;22m[[0;36;1mFactions 2.2.2[0;36;22m] [0;33;1m[0;32;1mpostAttach added [0;35;1minterwall [0;33;1maka [0;35;1m[0;37;1mInterWall [0;33;1mto [0;35;1m49c8158b-1294-4a23-af4b-8ca27254e048 [0;33;1maka [0;35;1m[0;32;22mWilderness[0;33;1m.[m
2014-02-24 16:38:10 [INFO] InterWall issued server command: /!
2014-02-24 16:38:12 [INFO] InterWall issued server command: /
2014-02-24 16:38:17 [INFO] InterWall issued server command: /ch
2014-02-24 16:38:31 [INFO] CONSOLE: Opped InterWall[m
2014-02-24 16:38:45 [INFO] InterWall issued server command: /pl
2014-02-24 16:41:49 [INFO] InterWall issued server command: /f
2014-02-24 16:45:11 [INFO] -------- World Settings For [world] --------
2014-02-24 16:45:11 [INFO] Anti X-Ray: true
2014-02-24 16:45:11 [INFO] 	Engine Mode: 1
2014-02-24 16:45:11 [INFO] 	Blocks: [1, 5, 14, 15, 16, 21, 48, 49, 54, 56, 73, 74, 82, 129, 130]
2014-02-24 16:45:11 [INFO] Mob Spawn Range: 4
2014-02-24 16:45:11 [INFO] Cactus Growth Modifier: 100%
2014-02-24 16:45:11 [INFO] Cane Growth Modifier: 100%
2014-02-24 16:45:11 [INFO] Melon Growth Modifier: 100%
2014-02-24 16:45:11 [INFO] Mushroom Growth Modifier: 100%
2014-02-24 16:45:11 [INFO] Pumpkin Growth Modifier: 100%
2014-02-24 16:45:11 [INFO] Sapling Growth Modifier: 100%
2014-02-24 16:45:11 [INFO] Wheat Growth Modifier: 100%
2014-02-24 16:45:11 [INFO] Entity Activation Range: An 32 / Mo 32 / Mi 16
2014-02-24 16:45:11 [INFO] Entity Tracking Range: Pl 48 / An 48 / Mo 48 / Mi 32 / Other 64
2014-02-24 16:45:11 [INFO] Hopper Transfer: 8 Hopper Check: 8
2014-02-24 16:45:11 [INFO] Random Lighting Updates: false
2014-02-24 16:45:11 [INFO] Structure Info Saving: true
2014-02-24 16:45:11 [INFO] View Distance: 10
2014-02-24 16:45:11 [INFO] Chunks to Grow per Tick: 650
2014-02-24 16:45:11 [INFO] Experience Merge Radius: 3.0
2014-02-24 16:45:11 [INFO] Item Despawn Rate: 6000
2014-02-24 16:45:11 [INFO] Item Merge Radius: 2.5
2014-02-24 16:45:11 [INFO] Arrow Despawn Rate: 1200
2014-02-24 16:45:11 [INFO] -------- World Settings For [world_nether] --------
2014-02-24 16:45:11 [INFO] Anti X-Ray: true
2014-02-24 16:45:11 [INFO] 	Engine Mode: 1
2014-02-24 16:45:11 [INFO] 	Blocks: [1, 5, 14, 15, 16, 21, 48, 49, 54, 56, 73, 74, 82, 129, 130]
2014-02-24 16:45:11 [INFO] Mob Spawn Range: 4
2014-02-24 16:45:11 [INFO] Cactus Growth Modifier: 100%
2014-02-24 16:45:11 [INFO] Cane Growth Modifier: 100%
2014-02-24 16:45:11 [INFO] Melon Growth Modifier: 100%
2014-02-24 16:45:11 [INFO] Mushroom Growth Modifier: 100%
2014-02-24 16:45:11 [INFO] Pumpkin Growth Modifier: 100%
2014-02-24 16:45:11 [INFO] Sapling Growth Modifier: 100%
2014-02-24 16:45:11 [INFO] Wheat Growth Modifier: 100%
2014-02-24 16:45:11 [INFO] Entity Activation Range: An 32 / Mo 32 / Mi 16
2014-02-24 16:45:11 [INFO] Entity Tracking Range: Pl 48 / An 48 / Mo 48 / Mi 32 / Other 64
2014-02-24 16:45:11 [INFO] Hopper Transfer: 8 Hopper Check: 8
2014-02-24 16:45:11 [INFO] Random Lighting Updates: false
2014-02-24 16:45:11 [INFO] Structure Info Saving: true
2014-02-24 16:45:11 [INFO] View Distance: 10
2014-02-24 16:45:11 [INFO] Chunks to Grow per Tick: 650
2014-02-24 16:45:11 [INFO] Experience Merge Radius: 3.0
2014-02-24 16:45:11 [INFO] Item Despawn Rate: 6000
2014-02-24 16:45:11 [INFO] Item Merge Radius: 2.5
2014-02-24 16:45:11 [INFO] Arrow Despawn Rate: 1200
2014-02-24 16:45:11 [INFO] -------- World Settings For [world_the_end] --------
2014-02-24 16:45:11 [INFO] Anti X-Ray: true
2014-02-24 16:45:11 [INFO] 	Engine Mode: 1
2014-02-24 16:45:11 [INFO] 	Blocks: [1, 5, 14, 15, 16, 21, 48, 49, 54, 56, 73, 74, 82, 129, 130]
2014-02-24 16:45:11 [INFO] Mob Spawn Range: 4
2014-02-24 16:45:11 [INFO] Cactus Growth Modifier: 100%
2014-02-24 16:45:11 [INFO] Cane Growth Modifier: 100%
2014-02-24 16:45:11 [INFO] Melon Growth Modifier: 100%
2014-02-24 16:45:11 [INFO] Mushroom Growth Modifier: 100%
2014-02-24 16:45:11 [INFO] Pumpkin Growth Modifier: 100%
2014-02-24 16:45:11 [INFO] Sapling Growth Modifier: 100%
2014-02-24 16:45:11 [INFO] Wheat Growth Modifier: 100%
2014-02-24 16:45:11 [INFO] Entity Activation Range: An 32 / Mo 32 / Mi 16
2014-02-24 16:45:11 [INFO] Entity Tracking Range: Pl 48 / An 48 / Mo 48 / Mi 32 / Other 64
2014-02-24 16:45:11 [INFO] Hopper Transfer: 8 Hopper Check: 8
2014-02-24 16:45:11 [INFO] Random Lighting Updates: false
2014-02-24 16:45:11 [INFO] Structure Info Saving: true
2014-02-24 16:45:11 [INFO] View Distance: 10
2014-02-24 16:45:11 [INFO] Chunks to Grow per Tick: 650
2014-02-24 16:45:11 [INFO] Experience Merge Radius: 3.0
2014-02-24 16:45:11 [INFO] Item Despawn Rate: 6000
2014-02-24 16:45:11 [INFO] Item Merge Radius: 2.5
2014-02-24 16:45:11 [INFO] Arrow Despawn Rate: 1200
2014-02-24 16:45:11 [INFO] [Factions] Disabling Factions v2.2.2
2014-02-24 16:45:11 [INFO] [0;36;22m[[0;36;1mFactions 2.2.2[0;36;22m] [0;33;1mDisabled[m
2014-02-24 16:45:11 [INFO] [Herochat] Disabling Herochat v5.6.7-SNAPSHOT
2014-02-24 16:45:11 [INFO] [Herochat] Saving channels
2014-02-24 16:45:11 [INFO] [Herochat] Save complete
2014-02-24 16:45:11 [INFO] [Herochat] Version 5.6.7-SNAPSHOT is disabled.
2014-02-24 16:45:11 [INFO] [Vault] Disabling Vault v1.2.31-b411
2014-02-24 16:45:11 [INFO] [mcore] Disabling mcore v6.9.1
2014-02-24 16:45:11 [INFO] [0;36;22m[[0;36;1mmcore 6.9.1[0;36;22m] [0;33;1m[0;32;1mDeactivated [0;33;1mintegration with [0;35;1mVault[m
2014-02-24 16:45:11 [INFO] [0;36;22m[[0;36;1mmcore 6.9.1[0;36;22m] [0;33;1mDisabled[m
2014-02-24 16:45:11 [INFO] [PermissionsEx] sql backend registered!
2014-02-24 16:45:11 [INFO] [PermissionsEx] file backend registered!
2014-02-24 16:45:11 [INFO] [mcore] Loading mcore v6.9.1
2014-02-24 16:45:11 [INFO] [Vault] Loading Vault v1.2.31-b411
2014-02-24 16:45:11 [INFO] [PermissionsEx] Loading PermissionsEx v1.20.4
2014-02-24 16:45:11 [INFO] [PermissionsEx] Initializing file backend
2014-02-24 16:45:11 [INFO] [Herochat] Loading Herochat v5.6.7-SNAPSHOT
2014-02-24 16:45:11 [INFO] [Factions] Loading Factions v2.2.2
2014-02-24 16:45:11 [INFO] [mcore] Enabling mcore v6.9.1
2014-02-24 16:45:11 [INFO] [0;36;22m[[0;36;1mmcore 6.9.1[0;36;22m] [0;33;1m=== ENABLE START ===[m
2014-02-24 16:45:11 [INFO] [0;36;22m[[0;36;1mmcore 6.9.1[0;36;22m] [0;33;1m[0;33;1mSetup of SenderIdMixinDefault took [0;35;1m5[0;33;1mms.[m
2014-02-24 16:45:11 [INFO] [0;36;22m[[0;36;1mmcore 6.9.1[0;36;22m] [0;33;1m=== ENABLE [0;32;1mCOMPLETE [0;33;1m(Took [0;35;1m67ms[0;33;1m) ===[m
2014-02-24 16:45:11 [INFO] [Vault] Enabling Vault v1.2.31-b411
2014-02-24 16:45:11 [INFO] [Vault] [Vault][Permission] PermissionsEx found: Waiting
2014-02-24 16:45:11 [INFO] [Vault] [Vault][Permission] SuperPermissions loaded as backup permission system.
2014-02-24 16:45:11 [INFO] [Vault] [Vault][Chat] PermissionsEx found: Waiting
2014-02-24 16:45:11 [INFO] [Vault] [Vault] Enabled Version 1.2.31-b411
2014-02-24 16:45:11 [INFO] [0;36;22m[[0;36;1mmcore 6.9.1[0;36;22m] [0;33;1m[0;32;1mActivated [0;33;1mintegration with [0;35;1mVault[m
2014-02-24 16:45:11 [INFO] [PermissionsEx] Enabling PermissionsEx v1.20.4
2014-02-24 16:45:11 [INFO] [Vault][Permission] PermissionsEx hooked.
2014-02-24 16:45:11 [INFO] [Vault][Chat] PermissionsEx_Chat hooked.
2014-02-24 16:45:11 [INFO] [Herochat] Enabling Herochat v5.6.7-SNAPSHOT
2014-02-24 16:45:11 [INFO] [Herochat] Saving channels
2014-02-24 16:45:11 [INFO] [Herochat] Save complete
2014-02-24 16:45:11 [INFO] [Herochat] Version 5.6.7-SNAPSHOT is enabled.
2014-02-24 16:45:11 [INFO] [Factions] Enabling Factions v2.2.2
2014-02-24 16:45:11 [INFO] [0;36;22m[[0;36;1mFactions 2.2.2[0;36;22m] [0;33;1m=== ENABLE START ===[m
2014-02-24 16:45:11 [INFO] [0;36;22m[[0;36;1mFactions 2.2.2[0;36;22m] [0;33;1m[0;32;1mActivated [0;33;1mintegration with [0;35;1mHerochat[m
2014-02-24 16:45:11 [INFO] [0;36;22m[[0;36;1mFactions 2.2.2[0;36;22m] [0;33;1m=== ENABLE [0;32;1mCOMPLETE [0;33;1m(Took [0;35;1m148ms[0;33;1m) ===[m
2014-02-24 16:45:11 [INFO] Server permissions file permissions.yml is empty, ignoring it
2014-02-24 16:45:12 [INFO] CONSOLE: [0;32;1mReload complete.[m
2014-02-24 16:45:13 [INFO] [Vault] Checking for Updates:
2014-02-24 16:45:13 [INFO] [Vault] No new version available
2014-02-24 16:45:51 [INFO] [0;36;22m[[0;36;1mFactions 2.2.2[0;36;22m] [0;33;1m[0;32;1mpostAttach added [0;35;1minterwall [0;33;1maka [0;35;1m[0;37;1mInterWall [0;33;1mto [0;35;1m49c8158b-1294-4a23-af4b-8ca27254e048 [0;33;1maka [0;35;1m[0;32;22mWilderness[0;33;1m.[m
2014-02-24 16:45:51 [INFO] InterWall issued server command: /gamemode 1
2014-02-24 16:45:51 [INFO] InterWall: Set own game mode to CREATIVE mode[m
2014-02-24 16:46:41 [INFO] -------- World Settings For [world] --------
2014-02-24 16:46:41 [INFO] Anti X-Ray: true
2014-02-24 16:46:41 [INFO] 	Engine Mode: 1
2014-02-24 16:46:41 [INFO] 	Blocks: [1, 5, 14, 15, 16, 21, 48, 49, 54, 56, 73, 74, 82, 129, 130]
2014-02-24 16:46:41 [INFO] Mob Spawn Range: 4
2014-02-24 16:46:41 [INFO] Cactus Growth Modifier: 100%
2014-02-24 16:46:41 [INFO] Cane Growth Modifier: 100%
2014-02-24 16:46:41 [INFO] Melon Growth Modifier: 100%
2014-02-24 16:46:41 [INFO] Mushroom Growth Modifier: 100%
2014-02-24 16:46:41 [INFO] Pumpkin Growth Modifier: 100%
2014-02-24 16:46:41 [INFO] Sapling Growth Modifier: 100%
2014-02-24 16:46:41 [INFO] Wheat Growth Modifier: 100%
2014-02-24 16:46:41 [INFO] Entity Activation Range: An 32 / Mo 32 / Mi 16
2014-02-24 16:46:41 [INFO] Entity Tracking Range: Pl 48 / An 48 / Mo 48 / Mi 32 / Other 64
2014-02-24 16:46:41 [INFO] Hopper Transfer: 8 Hopper Check: 8
2014-02-24 16:46:41 [INFO] Random Lighting Updates: false
2014-02-24 16:46:41 [INFO] Structure Info Saving: true
2014-02-24 16:46:41 [INFO] View Distance: 10
2014-02-24 16:46:41 [INFO] Chunks to Grow per Tick: 650
2014-02-24 16:46:41 [INFO] Experience Merge Radius: 3.0
2014-02-24 16:46:41 [INFO] Item Despawn Rate: 6000
2014-02-24 16:46:41 [INFO] Item Merge Radius: 2.5
2014-02-24 16:46:41 [INFO] Arrow Despawn Rate: 1200
2014-02-24 16:46:41 [INFO] -------- World Settings For [world_nether] --------
2014-02-24 16:46:41 [INFO] Anti X-Ray: true
2014-02-24 16:46:41 [INFO] 	Engine Mode: 1
2014-02-24 16:46:41 [INFO] 	Blocks: [1, 5, 14, 15, 16, 21, 48, 49, 54, 56, 73, 74, 82, 129, 130]
2014-02-24 16:46:41 [INFO] Mob Spawn Range: 4
2014-02-24 16:46:41 [INFO] Cactus Growth Modifier: 100%
2014-02-24 16:46:41 [INFO] Cane Growth Modifier: 100%
2014-02-24 16:46:41 [INFO] Melon Growth Modifier: 100%
2014-02-24 16:46:41 [INFO] Mushroom Growth Modifier: 100%
2014-02-24 16:46:41 [INFO] Pumpkin Growth Modifier: 100%
2014-02-24 16:46:41 [INFO] Sapling Growth Modifier: 100%
2014-02-24 16:46:41 [INFO] Wheat Growth Modifier: 100%
2014-02-24 16:46:41 [INFO] Entity Activation Range: An 32 / Mo 32 / Mi 16
2014-02-24 16:46:41 [INFO] Entity Tracking Range: Pl 48 / An 48 / Mo 48 / Mi 32 / Other 64
2014-02-24 16:46:41 [INFO] Hopper Transfer: 8 Hopper Check: 8
2014-02-24 16:46:41 [INFO] Random Lighting Updates: false
2014-02-24 16:46:41 [INFO] Structure Info Saving: true
2014-02-24 16:46:41 [INFO] View Distance: 10
2014-02-24 16:46:41 [INFO] Chunks to Grow per Tick: 650
2014-02-24 16:46:41 [INFO] Experience Merge Radius: 3.0
2014-02-24 16:46:41 [INFO] Item Despawn Rate: 6000
2014-02-24 16:46:41 [INFO] Item Merge Radius: 2.5
2014-02-24 16:46:41 [INFO] Arrow Despawn Rate: 1200
2014-02-24 16:46:41 [INFO] -------- World Settings For [world_the_end] --------
2014-02-24 16:46:41 [INFO] Anti X-Ray: true
2014-02-24 16:46:41 [INFO] 	Engine Mode: 1
2014-02-24 16:46:41 [INFO] 	Blocks: [1, 5, 14, 15, 16, 21, 48, 49, 54, 56, 73, 74, 82, 129, 130]
2014-02-24 16:46:41 [INFO] Mob Spawn Range: 4
2014-02-24 16:46:41 [INFO] Cactus Growth Modifier: 100%
2014-02-24 16:46:41 [INFO] Cane Growth Modifier: 100%
2014-02-24 16:46:41 [INFO] Melon Growth Modifier: 100%
2014-02-24 16:46:41 [INFO] Mushroom Growth Modifier: 100%
2014-02-24 16:46:41 [INFO] Pumpkin Growth Modifier: 100%
2014-02-24 16:46:41 [INFO] Sapling Growth Modifier: 100%
2014-02-24 16:46:41 [INFO] Wheat Growth Modifier: 100%
2014-02-24 16:46:41 [INFO] Entity Activation Range: An 32 / Mo 32 / Mi 16
2014-02-24 16:46:41 [INFO] Entity Tracking Range: Pl 48 / An 48 / Mo 48 / Mi 32 / Other 64
2014-02-24 16:46:41 [INFO] Hopper Transfer: 8 Hopper Check: 8
2014-02-24 16:46:41 [INFO] Random Lighting Updates: false
2014-02-24 16:46:41 [INFO] Structure Info Saving: true
2014-02-24 16:46:41 [INFO] View Distance: 10
2014-02-24 16:46:41 [INFO] Chunks to Grow per Tick: 650
2014-02-24 16:46:41 [INFO] Experience Merge Radius: 3.0
2014-02-24 16:46:41 [INFO] Item Despawn Rate: 6000
2014-02-24 16:46:41 [INFO] Item Merge Radius: 2.5
2014-02-24 16:46:41 [INFO] Arrow Despawn Rate: 1200
2014-02-24 16:46:41 [INFO] [Factions] Disabling Factions v2.2.2
2014-02-24 16:46:41 [INFO] [0;36;22m[[0;36;1mFactions 2.2.2[0;36;22m] [0;33;1mDisabled[m
2014-02-24 16:46:41 [INFO] [Herochat] Disabling Herochat v5.6.7-SNAPSHOT
2014-02-24 16:46:41 [INFO] [Herochat] Saving channels
2014-02-24 16:46:41 [INFO] [Herochat] Save complete
2014-02-24 16:46:41 [INFO] [Herochat] Version 5.6.7-SNAPSHOT is disabled.
2014-02-24 16:46:41 [INFO] [PermissionsEx] Disabling PermissionsEx v1.20.4
2014-02-24 16:46:41 [INFO] [Vault][Permission] PermissionsEx un-hooked.
2014-02-24 16:46:41 [INFO] [Vault][Chat] PermissionsEx_Chat un-hooked.
2014-02-24 16:46:41 [INFO] Permissions file successfully reloaded
2014-02-24 16:46:41 [INFO] [Vault] Disabling Vault v1.2.31-b411
2014-02-24 16:46:41 [INFO] [mcore] Disabling mcore v6.9.1
2014-02-24 16:46:41 [INFO] [0;36;22m[[0;36;1mmcore 6.9.1[0;36;22m] [0;33;1m[0;32;1mDeactivated [0;33;1mintegration with [0;35;1mVault[m
2014-02-24 16:46:41 [INFO] [0;36;22m[[0;36;1mmcore 6.9.1[0;36;22m] [0;33;1mDisabled[m
2014-02-24 16:46:41 [INFO] [PermissionsEx] sql backend registered!
2014-02-24 16:46:41 [INFO] [PermissionsEx] file backend registered!
2014-02-24 16:46:41 [INFO] [mcore] Loading mcore v6.9.1
2014-02-24 16:46:41 [INFO] [Vault] Loading Vault v1.2.31-b411
2014-02-24 16:46:41 [INFO] [PermissionsEx] Loading PermissionsEx v1.20.4
2014-02-24 16:46:41 [INFO] [PermissionsEx] Initializing file backend
2014-02-24 16:46:41 [INFO] Permissions file successfully reloaded
2014-02-24 16:46:41 [INFO] [Factions] Loading Factions v2.2.2
2014-02-24 16:46:41 [INFO] [FactionChat] Loading FactionChat v1.743
2014-02-24 16:46:41 [INFO] [mcore] Enabling mcore v6.9.1
2014-02-24 16:46:41 [INFO] [0;36;22m[[0;36;1mmcore 6.9.1[0;36;22m] [0;33;1m=== ENABLE START ===[m
2014-02-24 16:46:41 [INFO] [0;36;22m[[0;36;1mmcore 6.9.1[0;36;22m] [0;33;1m[0;33;1mSetup of SenderIdMixinDefault took [0;35;1m3[0;33;1mms.[m
2014-02-24 16:46:41 [INFO] [0;36;22m[[0;36;1mmcore 6.9.1[0;36;22m] [0;33;1m=== ENABLE [0;32;1mCOMPLETE [0;33;1m(Took [0;35;1m60ms[0;33;1m) ===[m
2014-02-24 16:46:41 [INFO] [Vault] Enabling Vault v1.2.31-b411
2014-02-24 16:46:41 [INFO] [Vault] [Vault][Permission] PermissionsEx found: Waiting
2014-02-24 16:46:41 [INFO] [Vault] [Vault][Permission] SuperPermissions loaded as backup permission system.
2014-02-24 16:46:41 [INFO] [Vault] [Vault][Chat] PermissionsEx found: Waiting
2014-02-24 16:46:41 [INFO] [Vault] [Vault] Enabled Version 1.2.31-b411
2014-02-24 16:46:41 [INFO] [0;36;22m[[0;36;1mmcore 6.9.1[0;36;22m] [0;33;1m[0;32;1mActivated [0;33;1mintegration with [0;35;1mVault[m
2014-02-24 16:46:41 [INFO] [PermissionsEx] Enabling PermissionsEx v1.20.4
2014-02-24 16:46:41 [INFO] [Vault][Permission] PermissionsEx hooked.
2014-02-24 16:46:41 [INFO] [Vault][Chat] PermissionsEx_Chat hooked.
2014-02-24 16:46:41 [INFO] [Factions] Enabling Factions v2.2.2
2014-02-24 16:46:41 [INFO] [0;36;22m[[0;36;1mFactions 2.2.2[0;36;22m] [0;33;1m=== ENABLE START ===[m
2014-02-24 16:46:41 [INFO] [0;36;22m[[0;36;1mFactions 2.2.2[0;36;22m] [0;33;1m=== ENABLE [0;32;1mCOMPLETE [0;33;1m(Took [0;35;1m111ms[0;33;1m) ===[m
2014-02-24 16:46:41 [INFO] [FactionChat] Enabling FactionChat v1.743
2014-02-24 16:46:41 [INFO] FactionChat: Version: 1.743 Enabled.
2014-02-24 16:46:41 [INFO] Server permissions file permissions.yml is empty, ignoring it
2014-02-24 16:46:41 [INFO] CONSOLE: [0;32;1mReload complete.[m
2014-02-24 16:46:43 [INFO] [Vault] Checking for Updates:
2014-02-24 16:46:43 [INFO] [Vault] No new version available
2014-02-24 16:46:43 [INFO] <InterWall> qq[m
2014-02-24 16:46:51 [INFO] [0;37;1mPermission "*" added![m
2014-02-24 16:46:54 [INFO] <InterWall> qq[m
2014-02-24 16:46:55 [INFO] [0;36;22m[[0;36;1mFactions 2.2.2[0;36;22m] [0;33;1m[0;32;1mpostAttach added [0;35;1minterwall [0;33;1maka [0;35;1m[0;37;1mInterWall [0;33;1mto [0;35;1m49c8158b-1294-4a23-af4b-8ca27254e048 [0;33;1maka [0;35;1m[0;32;22mWilderness[0;33;1m.[m
2014-02-24 17:14:48 [INFO] InterWall lost connection: disconnect.quitting
2014-02-24 17:14:48 [INFO] [0;33;1mInterWall left the game.[m
2014-02-24 17:15:09 [INFO] CONSOLE: Stopping the server..[m
2014-02-24 17:15:09 [INFO] Stopping server
2014-02-24 17:15:09 [INFO] [FactionChat] Disabling FactionChat v1.743
2014-02-24 17:15:09 [INFO] FactionChat: disabled
2014-02-24 17:15:09 [INFO] [Factions] Disabling Factions v2.2.2
2014-02-24 17:15:09 [INFO] [0;36;22m[[0;36;1mFactions 2.2.2[0;36;22m] [0;33;1mDisabled[m
2014-02-24 17:15:09 [INFO] [PermissionsEx] Disabling PermissionsEx v1.20.4
2014-02-24 17:15:09 [INFO] [Vault][Permission] PermissionsEx un-hooked.
2014-02-24 17:15:09 [INFO] [Vault][Chat] PermissionsEx_Chat un-hooked.
2014-02-24 17:15:09 [INFO] Permissions file successfully reloaded
2014-02-24 17:15:09 [INFO] [Vault] Disabling Vault v1.2.31-b411
2014-02-24 17:15:09 [INFO] [mcore] Disabling mcore v6.9.1
2014-02-24 17:15:09 [INFO] [0;36;22m[[0;36;1mmcore 6.9.1[0;36;22m] [0;33;1m[0;32;1mDeactivated [0;33;1mintegration with [0;35;1mVault[m
2014-02-24 17:15:09 [INFO] [0;36;22m[[0;36;1mmcore 6.9.1[0;36;22m] [0;33;1mDisabled[m
2014-02-24 17:15:09 [INFO] Saving players
2014-02-24 17:15:09 [INFO] Saving worlds
2014-02-24 17:15:09 [INFO] Saving chunks for level 'world'/Overworld
2014-02-24 17:15:09 [INFO] Saving chunks for level 'world_nether'/Nether
2014-02-24 17:15:09 [INFO] Saving chunks for level 'world_the_end'/The End
